============================= test session starts ==============================
platform linux -- Python 3.12.3, pytest-9.0.2, pluggy-1.6.0 -- /home/renierdejager/Kinetra/.venv/bin/python
cachedir: .pytest_cache
hypothesis profile 'default'
rootdir: /home/renierdejager/Kinetra
configfile: pyproject.toml
plugins: cov-6.3.0, dash-3.3.0, anyio-4.12.0, asyncio-1.3.0, xdist-3.8.0, hypothesis-6.148.9, timeout-2.4.0
asyncio: mode=Mode.STRICT, debug=False, asyncio_default_fixture_loop_scope=None, asyncio_default_test_loop_scope=function
collecting ... collected 160 items

tests/test_assumption_free.py::TestDirectionalPersistence::test_compute_directional_persistence PASSED [  0%]
tests/test_assumption_free.py::TestDirectionalPersistence::test_persistence_no_symmetric_reference PASSED [  1%]
tests/test_assumption_free.py::TestSignedRangeImpact::test_signed_range_impact_direction PASSED [  1%]
tests/test_assumption_free.py::TestSignedRangeImpact::test_signed_vs_unsigned PASSED [  2%]
tests/test_assumption_free.py::TestAsymmetricReturns::test_streak_momentum_features PASSED [  3%]
tests/test_assumption_free.py::TestAsymmetricReturns::test_up_down_measured_separately PASSED [  3%]
tests/test_assumption_free.py::TestRecurrenceAsymmetry::test_recurrence_asymmetry PASSED [  4%]
tests/test_assumption_free.py::TestRecurrenceAsymmetry::test_mad_not_std PASSED [  5%]
tests/test_assumption_free.py::TestDSPFeatureEngine::test_no_hurst_in_output PASSED [  5%]
tests/test_assumption_free.py::TestDSPFeatureEngine::test_all_features_present PASSED [  6%]
tests/test_assumption_free.py::TestLiquidityEngine::test_cvd_features PASSED [  6%]
tests/test_assumption_free.py::TestLiquidityEngine::test_liquidity_engine_full PASSED [  7%]
tests/test_assumption_free.py::TestAssumptionFreeEngine::test_full_extraction PASSED [  8%]
tests/test_backtest_engine_comprehensive.py::TestBacktestEngineInitialization::test_default_initialization PASSED [  8%]
tests/test_backtest_engine_comprehensive.py::TestBacktestEngineInitialization::test_custom_timeframe PASSED [  9%]
tests/test_backtest_engine_comprehensive.py::TestBacktestEngineInitialization::test_invalid_timeframe_fallback PASSED [ 10%]
tests/test_backtest_engine_comprehensive.py::TestBacktestEngineInitialization::test_parameter_validation PASSED [ 10%]
tests/test_backtest_engine_comprehensive.py::TestBacktestEngineDataValidation::test_missing_columns PASSED [ 11%]
tests/test_backtest_engine_comprehensive.py::TestBacktestEngineDataValidation::test_nan_in_data PASSED [ 11%]
tests/test_backtest_engine_comprehensive.py::TestBacktestEngineDataValidation::test_inf_in_data PASSED [ 12%]
tests/test_backtest_engine_comprehensive.py::TestBacktestEngineDataValidation::test_insufficient_data PASSED [ 13%]
tests/test_backtest_engine_comprehensive.py::TestMarginTracking::test_margin_tracking_enabled PASSED [ 13%]
tests/test_backtest_engine_comprehensive.py::TestMarginTracking::test_no_position_margin_level PASSED [ 14%]
tests/test_backtest_engine_comprehensive.py::TestSafeMathOperations::test_zero_tick_size_handling PASSED [ 15%]
tests/test_backtest_engine_comprehensive.py::TestSafeMathOperations::test_zero_spread_handling PASSED [ 15%]
tests/test_backtest_engine_comprehensive.py::TestMetricsCalculation::test_timeframe_aware_annualization PASSED [ 16%]
tests/test_backtest_engine_comprehensive.py::TestMetricsCalculation::test_empty_trades_result PASSED [ 16%]
tests/test_backtest_engine_comprehensive.py::TestLoggingIntegration::test_logging_disabled_by_default PASSED [ 17%]
tests/test_backtest_engine_comprehensive.py::TestLoggingIntegration::test_logging_enabled PASSED [ 18%]
tests/test_backtest_engine_comprehensive.py::TestResetFunctionality::test_reset_clears_state PASSED [ 18%]
tests/test_e2e_orchestrator.py::test_config_creation PASSED              [ 19%]
tests/test_e2e_orchestrator.py::test_config_quick_mode PASSED            [ 20%]
tests/test_e2e_orchestrator.py::test_action_on_error_enum PASSED         [ 20%]
tests/test_e2e_orchestrator.py::test_stage_status_enum PASSED            [ 21%]
tests/test_e2e_orchestrator.py::test_orchestrator_creation PASSED        [ 21%]
tests/test_e2e_orchestrator.py::test_checkpoint_save_load PASSED         [ 22%]
tests/test_e2e_orchestrator.py::test_checkpoint_load_invalid PASSED      [ 23%]
tests/test_e2e_orchestrator.py::test_handle_error_abort PASSED           [ 23%]
tests/test_e2e_orchestrator.py::test_handle_error_skip PASSED            [ 24%]
tests/test_e2e_orchestrator.py::test_handle_error_retry PASSED           [ 25%]
tests/test_e2e_orchestrator.py::test_run_stage_success PASSED            [ 25%]
tests/test_e2e_orchestrator.py::test_run_stage_async_success PASSED      [ 26%]
tests/test_e2e_orchestrator.py::test_run_stage_failure_retry_succeed PASSED [ 26%]
tests/test_e2e_orchestrator.py::test_run_stage_failure_max_retries PASSED [ 27%]
tests/test_e2e_orchestrator.py::test_run_stage_skip_on_error PASSED      [ 28%]
tests/test_e2e_orchestrator.py::test_run_stage_abort_on_critical PASSED  [ 28%]
tests/test_e2e_orchestrator.py::test_stage_validate_data_success PASSED  [ 29%]
tests/test_e2e_orchestrator.py::test_stage_validate_data_missing_columns PASSED [ 30%]
tests/test_e2e_orchestrator.py::test_generate_summary_empty PASSED       [ 30%]
tests/test_e2e_orchestrator.py::test_generate_summary_with_stages PASSED [ 31%]
tests/test_e2e_orchestrator.py::test_generate_html_report PASSED         [ 31%]
tests/test_e2e_orchestrator.py::test_full_workflow_mock PASSED           [ 32%]
tests/test_exhaustive_combinations.py::test_agent_action_selection ERROR [ 33%]
tests/test_exhaustive_combinations.py::TestExhaustiveCombinations::test_all_combos[unit] 